[debug] [2025-10-29T03:43:10.392Z] ----------------------------------------------------------------------
[debug] [2025-10-29T03:43:10.397Z] Command:       /usr/local/bin/firebase /Users/mac/.cache/firebase/tools/lib/node_modules/firebase-tools/lib/bin/firebase init
[debug] [2025-10-29T03:43:10.398Z] CLI Version:   14.5.1
[debug] [2025-10-29T03:43:10.398Z] Platform:      darwin
[debug] [2025-10-29T03:43:10.398Z] Node Version:  v20.18.2
[debug] [2025-10-29T03:43:10.399Z] Time:          Wed Oct 29 2025 10:43:10 GMT+0700 (Indochina Time)
[debug] [2025-10-29T03:43:10.399Z] ----------------------------------------------------------------------
[debug] 
[debug] [2025-10-29T03:43:10.624Z] Object "" in "firebase.json" has unknown property: {"additionalProperty":"flutter"}
[debug] [2025-10-29T03:43:10.629Z] > command requires scopes: ["email","openid","https://www.googleapis.com/auth/cloudplatformprojects.readonly","https://www.googleapis.com/auth/firebase","https://www.googleapis.com/auth/cloud-platform"]
[debug] [2025-10-29T03:43:10.630Z] > authorizing via signed-in user (kahhhneee@gmail.com)
[debug] [2025-10-29T03:43:10.631Z] Object "" in "firebase.json" has unknown property: {"additionalProperty":"flutter"}
[info] 
     ######## #### ########  ######## ########     ###     ######  ########
     ##        ##  ##     ## ##       ##     ##  ##   ##  ##       ##
     ######    ##  ########  ######   ########  #########  ######  ######
     ##        ##  ##    ##  ##       ##     ## ##     ##       ## ##
     ##       #### ##     ## ######## ########  ##     ##  ######  ########

You're about to initialize a Firebase project in this directory:

  /Users/mac

Before we get started, keep in mind:

  * You are initializing within an existing Firebase project directory

[debug] [2025-10-29T03:44:02.687Z] ----------------------------------------------------------------------
[debug] [2025-10-29T03:44:02.692Z] Command:       /usr/local/bin/firebase /Users/mac/.cache/firebase/tools/lib/node_modules/firebase-tools/lib/bin/firebase init
[debug] [2025-10-29T03:44:02.692Z] CLI Version:   14.5.1
[debug] [2025-10-29T03:44:02.693Z] Platform:      darwin
[debug] [2025-10-29T03:44:02.693Z] Node Version:  v20.18.2
[debug] [2025-10-29T03:44:02.693Z] Time:          Wed Oct 29 2025 10:44:02 GMT+0700 (Indochina Time)
[debug] [2025-10-29T03:44:02.694Z] ----------------------------------------------------------------------
[debug] 
[debug] [2025-10-29T03:44:02.913Z] Object "" in "firebase.json" has unknown property: {"additionalProperty":"flutter"}
[debug] [2025-10-29T03:44:02.918Z] > command requires scopes: ["email","openid","https://www.googleapis.com/auth/cloudplatformprojects.readonly","https://www.googleapis.com/auth/firebase","https://www.googleapis.com/auth/cloud-platform"]
[debug] [2025-10-29T03:44:02.919Z] > authorizing via signed-in user (kahhhneee@gmail.com)
[debug] [2025-10-29T03:44:02.921Z] Object "" in "firebase.json" has unknown property: {"additionalProperty":"flutter"}
[info] 
     ######## #### ########  ######## ########     ###     ######  ########
     ##        ##  ##     ## ##       ##     ##  ##   ##  ##       ##
     ######    ##  ########  ######   ########  #########  ######  ######
     ##        ##  ##    ##  ##       ##     ## ##     ##       ## ##
     ##       #### ##     ## ######## ########  ##     ##  ######  ########

You're about to initialize a Firebase project in this directory:

  /Users/mac

Before we get started, keep in mind:

  * You are initializing within an existing Firebase project directory

[debug] [2025-10-29T03:44:24.485Z] ----------------------------------------------------------------------
[debug] [2025-10-29T03:44:24.489Z] Command:       /usr/local/bin/firebase /Users/mac/.cache/firebase/tools/lib/node_modules/firebase-tools/lib/bin/firebase init
[debug] [2025-10-29T03:44:24.490Z] CLI Version:   14.5.1
[debug] [2025-10-29T03:44:24.490Z] Platform:      darwin
[debug] [2025-10-29T03:44:24.490Z] Node Version:  v20.18.2
[debug] [2025-10-29T03:44:24.491Z] Time:          Wed Oct 29 2025 10:44:24 GMT+0700 (Indochina Time)
[debug] [2025-10-29T03:44:24.491Z] ----------------------------------------------------------------------
[debug] 
[debug] [2025-10-29T03:44:24.710Z] Object "" in "firebase.json" has unknown property: {"additionalProperty":"flutter"}
[debug] [2025-10-29T03:44:24.715Z] > command requires scopes: ["email","openid","https://www.googleapis.com/auth/cloudplatformprojects.readonly","https://www.googleapis.com/auth/firebase","https://www.googleapis.com/auth/cloud-platform"]
[debug] [2025-10-29T03:44:24.717Z] > authorizing via signed-in user (kahhhneee@gmail.com)
[debug] [2025-10-29T03:44:24.719Z] Object "" in "firebase.json" has unknown property: {"additionalProperty":"flutter"}
[info] 
     ######## #### ########  ######## ########     ###     ######  ########
     ##        ##  ##     ## ##       ##     ##  ##   ##  ##       ##
     ######    ##  ########  ######   ########  #########  ######  ######
     ##        ##  ##    ##  ##       ##     ## ##     ##       ## ##
     ##       #### ##     ## ######## ########  ##     ##  ######  ########

You're about to initialize a Firebase project in this directory:

  /Users/mac

Before we get started, keep in mind:

  * You are initializing within an existing Firebase project directory

[info] 
=== Project Setup
[info] 
[info] First, let's associate this project directory with a Firebase project.
[info] You can create multiple project aliases by running firebase use --add, 
[info] but for now we'll just set up a default project.
[info] 
[debug] [2025-10-29T03:44:45.112Z] Checked if tokens are valid: false, expires at: 1748750803455
[debug] [2025-10-29T03:44:45.114Z] Checked if tokens are valid: false, expires at: 1748750803455
[debug] [2025-10-29T03:44:45.114Z] > refreshing access token with scopes: []
[debug] [2025-10-29T03:44:45.119Z] >>> [apiv2][query] POST https://www.googleapis.com/oauth2/v3/token [none]
[debug] [2025-10-29T03:44:45.119Z] >>> [apiv2][body] POST https://www.googleapis.com/oauth2/v3/token [omitted]
[debug] [2025-10-29T03:44:45.603Z] <<< [apiv2][status] POST https://www.googleapis.com/oauth2/v3/token 200
[debug] [2025-10-29T03:44:45.604Z] <<< [apiv2][body] POST https://www.googleapis.com/oauth2/v3/token [omitted]
[debug] [2025-10-29T03:44:45.623Z] >>> [apiv2][query] GET https://firebase.googleapis.com/v1beta1/projects pageSize=100
[debug] [2025-10-29T03:44:46.307Z] <<< [apiv2][status] GET https://firebase.googleapis.com/v1beta1/projects 200
[debug] [2025-10-29T03:44:46.307Z] <<< [apiv2][body] GET https://firebase.googleapis.com/v1beta1/projects [omitted]
[info] i  Using project skill-94f02 (skillforge) 
[info] 
=== Storage Setup
[info] 
[info] Firebase Storage Security Rules allow you to define how and when to allow
[info] uploads and downloads. You can keep these rules in your project directory
[info] and publish them with firebase deploy.
[info] 
[debug] [2025-10-29T03:46:31.261Z] Error: read EIO
    at TTY.onStreamRead (node:internal/stream_base_commons:218:20)
    at TTY.callbackTrampoline (node:internal/async_hooks:130:17)
